<?xml version="1.0" encoding="UTF-8"?>
<!-- Generated by org.testng.reporters.JUnitReportReporter -->
<testsuite hostname="ManiBeeee" failures="0" tests="1" name="Scenarios.PracticeAPIScenarios" time="4.727" errors="0" timestamp="2024-08-27T21:46:27 IST" skipped="0">
  <testcase classname="Scenarios.PracticeAPIScenarios" name="GetProductList" time="4.727"/>
</testsuite> <!-- Scenarios.PracticeAPIScenarios -->
