<?xml version="1.0" encoding="UTF-8"?>
<!-- Generated by org.testng.reporters.JUnitReportReporter -->
<testsuite hostname="ManiBeeee" failures="0" tests="1" name="Files.payload" time="0.524" errors="0" timestamp="2024-07-26T21:11:18 IST" skipped="0">
  <testcase classname="Files.payload" name="AddBookHashMapPayload" time="0.524"/>
</testsuite> <!-- Files.payload -->
