<?xml version="1.0" encoding="UTF-8"?>
<!-- Generated by org.testng.reporters.JUnitReportReporter -->
<testsuite hostname="ManiBeeee" failures="0" tests="1" name="TestExecution.Runner" time="5.523" errors="0" timestamp="2024-08-28T08:48:10 IST" skipped="0">
  <testcase classname="TestExecution.Runner" name="CheckBrokenLink" time="5.523"/>
  <system-out/>
</testsuite> <!-- TestExecution.Runner -->
