<?xml version="1.0" encoding="UTF-8"?>
<!-- Generated by org.testng.reporters.JUnitReportReporter -->
<testsuite hostname="ManiBeeee" failures="0" tests="5" name="TestExecution.Testing" time="7.386" errors="0" timestamp="2024-08-25T19:19:34 IST" skipped="0">
  <testcase classname="TestExecution.Testing" name="AlertHandling" time="4.431"/>
  <system-out/>
  <testcase classname="TestExecution.Testing" name="Dropdown" time="1.053"/>
  <system-out/>
  <testcase classname="TestExecution.Testing" name="RadioButtons" time="0.880"/>
  <system-out/>
  <testcase classname="TestExecution.Testing" name="Checkboxes" time="0.915"/>
  <system-out/>
  <testcase classname="TestExecution.Testing" name="AutoCompleteTextBox" time="0.107"/>
  <system-out/>
</testsuite> <!-- TestExecution.Testing -->
