<?xml version="1.0" encoding="UTF-8"?>
<!-- Generated by org.testng.reporters.JUnitReportReporter -->
<testsuite hostname="ManiBeeee" failures="0" tests="1" name="DDT.DPH" time="0.000" errors="0" timestamp="2024-08-28T21:37:19 IST" skipped="1">
  <testcase classname="DDT.DPH" name="testStudentData" time="0.000">
    <skipped/>
  </testcase> <!-- testStudentData -->
  <system-out/>
</testsuite> <!-- DDT.DPH -->
