<?xml version="1.0" encoding="UTF-8"?>
<!-- Generated by org.testng.reporters.JUnitReportReporter -->
<testsuite hostname="ManiBeeee" failures="0" tests="3" name="PRACS.SanityTest" time="0.026" errors="0" timestamp="2024-08-28T13:38:14 IST" skipped="0">
  <testcase classname="PRACS.SanityTest" name="f" time="0.003"/>
  <testcase classname="PRACS.SanityTest" name="f" time="0.006"/>
  <testcase classname="PRACS.SanityTest" name="SmokeGroupMethod" time="0.017"/>
</testsuite> <!-- PRACS.SanityTest -->
