<?xml version="1.0" encoding="UTF-8"?>
<!-- Generated by org.testng.reporters.JUnitReportReporter -->
<testsuite hostname="ManiBeeee" failures="0" tests="3" name="PRACS.SmokeTest" time="0.034" errors="0" timestamp="2024-08-28T13:38:14 IST" skipped="0">
  <testcase classname="PRACS.SmokeTest" name="f" time="0.004"/>
  <testcase classname="PRACS.SmokeTest" name="f" time="0.005"/>
  <testcase classname="PRACS.SmokeTest" name="SmokeGroupMethod" time="0.025"/>
</testsuite> <!-- PRACS.SmokeTest -->
