<?xml version="1.0" encoding="UTF-8"?>
<!-- Generated by org.testng.reporters.JUnitReportReporter -->
<testsuite hostname="ManiBeeee" failures="0" tests="1" name="StepDefenition.Runner" time="9.347" errors="0" timestamp="2024-07-20T19:27:12 IST" skipped="0">
  <testcase classname="StepDefenition.Runner" name="Seleniumtest" time="9.347"/>
</testsuite> <!-- StepDefenition.Runner -->
