<?xml version="1.0" encoding="UTF-8"?>
<!-- Generated by org.testng.reporters.JUnitReportReporter -->
<testsuite hostname="ManiBeeee" failures="0" tests="2" name="PRACS.NewTest" time="0.027" errors="0" timestamp="2024-07-30T21:36:12 IST" skipped="0">
  <testcase classname="PRACS.NewTest" name="f" time="0.011"/>
  <testcase classname="PRACS.NewTest" name="f" time="0.016"/>
</testsuite> <!-- PRACS.NewTest -->
