<?xml version="1.0" encoding="UTF-8"?>
<!-- Generated by org.testng.reporters.JUnitReportReporter -->
<testsuite hostname="ManiBeeee" failures="0" tests="3" name="PRACS.SmokeTest" time="0.049" errors="0" timestamp="2024-08-28T11:26:03 IST" skipped="0">
  <testcase classname="PRACS.SmokeTest" name="f" time="0.007"/>
  <testcase classname="PRACS.SmokeTest" name="SmokeGroupMethod" time="0.035"/>
  <testcase classname="PRACS.SmokeTest" name="f" time="0.007"/>
</testsuite> <!-- PRACS.SmokeTest -->
