<?xml version="1.0" encoding="UTF-8"?>
<!-- Generated by org.testng.reporters.JUnitReportReporter -->
<testsuite hostname="ManiBeeee" failures="0" tests="3" name="PRACS.SanityTest" time="0.074" errors="0" timestamp="2024-08-28T11:26:03 IST" skipped="0">
  <testcase classname="PRACS.SanityTest" name="f" time="0.024"/>
  <testcase classname="PRACS.SanityTest" name="SmokeGroupMethod" time="0.027"/>
  <testcase classname="PRACS.SanityTest" name="f" time="0.023"/>
</testsuite> <!-- PRACS.SanityTest -->
